[01m[K/home/student/Documents/formation_ros2/Introduction/ros2_ws/src/cpp_pubsub/src/publisher_member_function.cpp:25:1:[m[K [01;31m[Kerror: [m[Kâ€˜[01m[KTCHAR[m[Kâ€™ does not name a type
   25 | [01;31m[KTCHAR[m[K  infoBuf[32767];
      | [01;31m[K^~~~~[m[K
[01m[K/home/student/Documents/formation_ros2/Introduction/ros2_ws/src/cpp_pubsub/src/publisher_member_function.cpp:26:1:[m[K [01;31m[Kerror: [m[Kâ€˜[01m[KDWORD[m[Kâ€™ does not name a type
   26 | [01;31m[KDWORD[m[K  bufCharCount = 32767;
      | [01;31m[K^~~~~[m[K
[01m[K/home/student/Documents/formation_ros2/Introduction/ros2_ws/src/cpp_pubsub/src/publisher_member_function.cpp:[m[K In member function â€˜[01m[Kvoid MinimalPublisher::timer_callback()[m[Kâ€™:
[01m[K/home/student/Documents/formation_ros2/Introduction/ros2_ws/src/cpp_pubsub/src/publisher_member_function.cpp:46:22:[m[K [01;31m[Kerror: [m[Kâ€˜[01m[KinfoBuf[m[Kâ€™ was not declared in this scope
   46 |     GetComputerName( [01;31m[KinfoBuf[m[K, &bufCharCount );
      |                      [01;31m[K^~~~~~~[m[K
[01m[K/home/student/Documents/formation_ros2/Introduction/ros2_ws/src/cpp_pubsub/src/publisher_member_function.cpp:46:32:[m[K [01;31m[Kerror: [m[Kâ€˜[01m[KbufCharCount[m[Kâ€™ was not declared in this scope
   46 |     GetComputerName( infoBuf, &[01;31m[KbufCharCount[m[K );
      |                                [01;31m[K^~~~~~~~~~~~[m[K
[01m[K/home/student/Documents/formation_ros2/Introduction/ros2_ws/src/cpp_pubsub/src/publisher_member_function.cpp:46:5:[m[K [01;31m[Kerror: [m[Kâ€˜[01m[KGetComputerName[m[Kâ€™ was not declared in this scope
   46 |     [01;31m[KGetComputerName[m[K( infoBuf, &bufCharCount );
      |     [01;31m[K^~~~~~~~~~~~~~~[m[K
gmake[2]: *** [CMakeFiles/talker.dir/build.make:76: CMakeFiles/talker.dir/src/publisher_member_function.cpp.o] Error 1
gmake[1]: *** [CMakeFiles/Makefile2:139: CMakeFiles/talker.dir/all] Error 2
gmake: *** [Makefile:146: all] Error 2
