[0.029s] Invoking command in '/home/student/Documents/formation_ros2/Introduction/ros2_ws/build/cpp_pubsub': CMAKE_PREFIX_PATH=${CMAKE_PREFIX_PATH}:/home/student/turtlebot3_ws/install/turtlebot3_teleop:/home/student/turtlebot3_ws/install/turtlebot3_example:/opt/ros/humble /usr/bin/cmake --build /home/student/Documents/formation_ros2/Introduction/ros2_ws/build/cpp_pubsub -- -j8 -l8
[0.085s] [35m[1mConsolidate compiler generated dependencies of target talker[0m
[0.099s] [ 50%] Built target listener
[0.105s] [ 75%] [32mBuilding CXX object CMakeFiles/talker.dir/src/publisher_member_function.cpp.o[0m
[2.142s] [01m[K/home/student/Documents/formation_ros2/Introduction/ros2_ws/src/cpp_pubsub/src/publisher_member_function.cpp:25:1:[m[K [01;31m[Kerror: [m[Kâ€˜[01m[KTCHAR[m[Kâ€™ does not name a type
[2.142s]    25 | [01;31m[KTCHAR[m[K  infoBuf[32767];
[2.142s]       | [01;31m[K^~~~~[m[K
[2.143s] [01m[K/home/student/Documents/formation_ros2/Introduction/ros2_ws/src/cpp_pubsub/src/publisher_member_function.cpp:26:1:[m[K [01;31m[Kerror: [m[Kâ€˜[01m[KDWORD[m[Kâ€™ does not name a type
[2.143s]    26 | [01;31m[KDWORD[m[K  bufCharCount = 32767;
[2.143s]       | [01;31m[K^~~~~[m[K
[2.160s] [01m[K/home/student/Documents/formation_ros2/Introduction/ros2_ws/src/cpp_pubsub/src/publisher_member_function.cpp:[m[K In member function â€˜[01m[Kvoid MinimalPublisher::timer_callback()[m[Kâ€™:
[2.161s] [01m[K/home/student/Documents/formation_ros2/Introduction/ros2_ws/src/cpp_pubsub/src/publisher_member_function.cpp:46:22:[m[K [01;31m[Kerror: [m[Kâ€˜[01m[KinfoBuf[m[Kâ€™ was not declared in this scope
[2.161s]    46 |     GetComputerName( [01;31m[KinfoBuf[m[K, &bufCharCount );
[2.161s]       |                      [01;31m[K^~~~~~~[m[K
[2.166s] [01m[K/home/student/Documents/formation_ros2/Introduction/ros2_ws/src/cpp_pubsub/src/publisher_member_function.cpp:46:32:[m[K [01;31m[Kerror: [m[Kâ€˜[01m[KbufCharCount[m[Kâ€™ was not declared in this scope
[2.166s]    46 |     GetComputerName( infoBuf, &[01;31m[KbufCharCount[m[K );
[2.166s]       |                                [01;31m[K^~~~~~~~~~~~[m[K
[2.173s] [01m[K/home/student/Documents/formation_ros2/Introduction/ros2_ws/src/cpp_pubsub/src/publisher_member_function.cpp:46:5:[m[K [01;31m[Kerror: [m[Kâ€˜[01m[KGetComputerName[m[Kâ€™ was not declared in this scope
[2.173s]    46 |     [01;31m[KGetComputerName[m[K( infoBuf, &bufCharCount );
[2.173s]       |     [01;31m[K^~~~~~~~~~~~~~~[m[K
[2.909s] gmake[2]: *** [CMakeFiles/talker.dir/build.make:76: CMakeFiles/talker.dir/src/publisher_member_function.cpp.o] Error 1
[2.910s] gmake[1]: *** [CMakeFiles/Makefile2:139: CMakeFiles/talker.dir/all] Error 2
[2.910s] gmake: *** [Makefile:146: all] Error 2
[2.912s] Invoked command in '/home/student/Documents/formation_ros2/Introduction/ros2_ws/build/cpp_pubsub' returned '2': CMAKE_PREFIX_PATH=${CMAKE_PREFIX_PATH}:/home/student/turtlebot3_ws/install/turtlebot3_teleop:/home/student/turtlebot3_ws/install/turtlebot3_example:/opt/ros/humble /usr/bin/cmake --build /home/student/Documents/formation_ros2/Introduction/ros2_ws/build/cpp_pubsub -- -j8 -l8
