[ 50%] Built target listener
[35m[1mConsolidate compiler generated dependencies of target talker[0m
[ 75%] [32mBuilding CXX object CMakeFiles/talker.dir/src/publisher_member_function.cpp.o[0m
[01m[K/home/student/Documents/formation_ros2/Introduction/ros2_ws/src/cpp_pubsub/src/publisher_member_function.cpp:[m[K In member function â€˜[01m[Kvoid MinimalPublisher::timer_callback()[m[Kâ€™:
[01m[K/home/student/Documents/formation_ros2/Introduction/ros2_ws/src/cpp_pubsub/src/publisher_member_function.cpp:47:28:[m[K [01;31m[Kerror: [m[Kinvalid operands of types â€˜[01m[Kchar [100][m[Kâ€™ and â€˜[01m[Kconst char [2][m[Kâ€™ to binary â€˜[01m[Koperator+[m[Kâ€™
   47 |     message.data = [32m[KinfoBuf[m[K [01;31m[K+[m[K [34m[K" "[m[K + my_id;
      |                    [32m[K~~~~~~~[m[K [01;31m[K^[m[K [34m[K~~~[m[K
      |                    [32m[K|[m[K         [34m[K|[m[K
      |                    [32m[K|[m[K         [34m[Kconst char [2][m[K
      |                    [32m[Kchar [100][m[K
[01m[K/home/student/Documents/formation_ros2/Introduction/ros2_ws/src/cpp_pubsub/src/publisher_member_function.cpp:47:36:[m[K [01;31m[Kerror: [m[Kâ€˜[01m[Kmy_id[m[Kâ€™ was not declared in this scope
   47 |     message.data = infoBuf + " " + [01;31m[Kmy_id[m[K;
      |                                    [01;31m[K^~~~~[m[K
[01m[K/home/student/Documents/formation_ros2/Introduction/ros2_ws/src/cpp_pubsub/src/publisher_member_function.cpp:[m[K In function â€˜[01m[Kint main(int, char**)[m[Kâ€™:
[01m[K/home/student/Documents/formation_ros2/Introduction/ros2_ws/src/cpp_pubsub/src/publisher_member_function.cpp:58:23:[m[K [01;31m[Kerror: [m[Kâ€˜[01m[KGetEnvironmentVariable[m[Kâ€™ was not declared in this scope
   58 |   std::string my_id = [01;31m[KGetEnvironmentVariable[m[K("ROS_DOMAIN_ID");
      |                       [01;31m[K^~~~~~~~~~~~~~~~~~~~~~[m[K
gmake[2]: *** [CMakeFiles/talker.dir/build.make:76: CMakeFiles/talker.dir/src/publisher_member_function.cpp.o] Error 1
gmake[1]: *** [CMakeFiles/Makefile2:139: CMakeFiles/talker.dir/all] Error 2
gmake: *** [Makefile:146: all] Error 2
