[35m[1mConsolidate compiler generated dependencies of target exo6_publisher[0m
[ 12%] Built target exo2_publisher
[ 25%] Built target exo1_publisher
[ 37%] Built target exo3_publisher
[ 62%] Built target exo4_publisher
[ 62%] Built target exo1_listener
[ 75%] Built target exo5_listener
[ 87%] Built target exo4_listener
[ 93%] [32mBuilding CXX object CMakeFiles/exo6_publisher.dir/src/exo6_publisher.cpp.o[0m
[01m[K/home/student/Documents/formation_ros2/Introduction/ros2_ws/src/cpp_pubsub/src/exo6_publisher.cpp:[m[K In member function â€˜[01m[Kvoid MinimalPublisher::timer_callback()[m[Kâ€™:
[01m[K/home/student/Documents/formation_ros2/Introduction/ros2_ws/src/cpp_pubsub/src/exo6_publisher.cpp:51:66:[m[K [01;31m[Kerror: [m[Kâ€˜[01m[Kclass rclcpp::Parameter[m[Kâ€™ has no member named â€˜[01m[Kas[m[Kâ€™
   51 |     message.domain_id = this->get_parameter("correct_domain_id").[01;31m[Kas[m[K(int);
      |                                                                  [01;31m[K^~[m[K
[01m[K/home/student/Documents/formation_ros2/Introduction/ros2_ws/src/cpp_pubsub/src/exo6_publisher.cpp:51:69:[m[K [01;31m[Kerror: [m[Kexpected primary-expression before â€˜[01m[Kint[m[Kâ€™
   51 |     message.domain_id = this->get_parameter("correct_domain_id").as([01;31m[Kint[m[K);
      |                                                                     [01;31m[K^~~[m[K
gmake[2]: *** [CMakeFiles/exo6_publisher.dir/build.make:76: CMakeFiles/exo6_publisher.dir/src/exo6_publisher.cpp.o] Error 1
gmake[1]: *** [CMakeFiles/Makefile2:333: CMakeFiles/exo6_publisher.dir/all] Error 2
gmake: *** [Makefile:146: all] Error 2
