[0.069s] Invoking command in '/home/student/Documents/formation_ros2/Introduction/ros2_ws/build/cpp_pubsub': CMAKE_PREFIX_PATH=${CMAKE_PREFIX_PATH}:/home/student/turtlebot3_ws/install/turtlebot3_teleop:/home/student/turtlebot3_ws/install/turtlebot3_example:/opt/ros/humble /usr/bin/cmake --build /home/student/Documents/formation_ros2/Introduction/ros2_ws/build/cpp_pubsub -- -j8 -l8
[0.126s] [ 50%] Built target listener
[0.172s] [35m[1mConsolidate compiler generated dependencies of target talker[0m
[0.191s] [ 75%] [32mBuilding CXX object CMakeFiles/talker.dir/src/publisher_member_function.cpp.o[0m
[2.216s] [01m[K/home/student/Documents/formation_ros2/Introduction/ros2_ws/src/cpp_pubsub/src/publisher_member_function.cpp:31:3:[m[K [01;31m[Kerror: [m[KISO C++ forbids declaration of â€˜[01m[KExo1_publisher[m[Kâ€™ with no type [[01;31m[K]8;;https://gcc.gnu.org/onlinedocs/gcc/Warning-Options.html#index-fpermissive-fpermissive]8;;[m[K]
[2.216s]    31 |   [01;31m[KExo1_publisher[m[K()
[2.216s]       |   [01;31m[K^~~~~~~~~~~~~~[m[K
[2.219s] [01m[K/home/student/Documents/formation_ros2/Introduction/ros2_ws/src/cpp_pubsub/src/publisher_member_function.cpp:[m[K In member function â€˜[01m[Kint Exo1::Exo1_publisher()[m[Kâ€™:
[2.219s] [01m[K/home/student/Documents/formation_ros2/Introduction/ros2_ws/src/cpp_pubsub/src/publisher_member_function.cpp:32:5:[m[K [01;31m[Kerror: [m[Konly constructors take member initializers
[2.219s]    32 |   : [01;31m[KNode[m[K("exo1_publisher"), count_(0)
[2.219s]       |     [01;31m[K^~~~[m[K
[2.219s] [01m[K/home/student/Documents/formation_ros2/Introduction/ros2_ws/src/cpp_pubsub/src/publisher_member_function.cpp:32:29:[m[K [01;31m[Kerror: [m[Kclass â€˜[01m[KExo1[m[Kâ€™ does not have any field named â€˜[01m[Kcount_[m[Kâ€™
[2.220s]    32 |   : Node("exo1_publisher"), [01;31m[Kcount_[m[K(0)
[2.220s]       |                             [01;31m[K^~~~~~[m[K
[2.222s] [01m[K/home/student/Documents/formation_ros2/Introduction/ros2_ws/src/cpp_pubsub/src/publisher_member_function.cpp:44:3:[m[K [01;35m[Kwarning: [m[Kno return statement in function returning non-void [[01;35m[K]8;;https://gcc.gnu.org/onlinedocs/gcc/Warning-Options.html#index-Wreturn-type-Wreturn-type]8;;[m[K]
[2.222s]    44 |   [01;35m[K}[m[K
[2.223s]       |   [01;35m[K^[m[K
[2.223s] [01m[K/home/student/Documents/formation_ros2/Introduction/ros2_ws/src/cpp_pubsub/src/publisher_member_function.cpp:[m[K At global scope:
[2.223s] [01m[K/home/student/Documents/formation_ros2/Introduction/ros2_ws/src/cpp_pubsub/src/publisher_member_function.cpp:50:7:[m[K [01;31m[Kerror: [m[Kredefinition of â€˜[01m[Kclass Exo1[m[Kâ€™
[2.223s]    50 | class [01;31m[KExo1[m[K : public rclcpp::Node
[2.223s]       |       [01;31m[K^~~~[m[K
[2.223s] [01m[K/home/student/Documents/formation_ros2/Introduction/ros2_ws/src/cpp_pubsub/src/publisher_member_function.cpp:28:7:[m[K [01;36m[Knote: [m[Kprevious definition of â€˜[01m[Kclass Exo1[m[Kâ€™
[2.223s]    28 | class [01;36m[KExo1[m[K : public rclcpp::Node
[2.223s]       |       [01;36m[K^~~~[m[K
[2.623s] In file included from [01m[K/usr/include/x86_64-linux-gnu/c++/11/bits/c++allocator.h:33[m[K,
[2.623s]                  from [01m[K/usr/include/c++/11/bits/allocator.h:46[m[K,
[2.623s]                  from [01m[K/usr/include/c++/11/unordered_map:40[m[K,
[2.623s]                  from [01m[K/usr/include/c++/11/functional:61[m[K,
[2.623s]                  from [01m[K/home/student/Documents/formation_ros2/Introduction/ros2_ws/src/cpp_pubsub/src/publisher_member_function.cpp:16[m[K:
[2.623s] /usr/include/c++/11/ext/new_allocator.h: In instantiation of â€˜[01m[Kvoid __gnu_cxx::new_allocator<_Tp>::construct(_Up*, _Args&& ...) [with _Up = Exo1; _Args = {}; _Tp = Exo1][m[Kâ€™:
[2.623s] [01m[K/usr/include/c++/11/bits/alloc_traits.h:516:17:[m[K   required from â€˜[01m[Kstatic void std::allocator_traits<std::allocator<_Tp1> >::construct(std::allocator_traits<std::allocator<_Tp1> >::allocator_type&, _Up*, _Args&& ...) [with _Up = Exo1; _Args = {}; _Tp = Exo1; std::allocator_traits<std::allocator<_Tp1> >::allocator_type = std::allocator<Exo1>][m[Kâ€™
[2.623s] [01m[K/usr/include/c++/11/bits/shared_ptr_base.h:519:39:[m[K   required from â€˜[01m[Kstd::_Sp_counted_ptr_inplace<_Tp, _Alloc, _Lp>::_Sp_counted_ptr_inplace(_Alloc, _Args&& ...) [with _Args = {}; _Tp = Exo1; _Alloc = std::allocator<Exo1>; __gnu_cxx::_Lock_policy _Lp = __gnu_cxx::_S_atomic][m[Kâ€™
[2.623s] [01m[K/usr/include/c++/11/bits/shared_ptr_base.h:650:16:[m[K   required from â€˜[01m[Kstd::__shared_count<_Lp>::__shared_count(_Tp*&, std::_Sp_alloc_shared_tag<_Alloc>, _Args&& ...) [with _Tp = Exo1; _Alloc = std::allocator<Exo1>; _Args = {}; __gnu_cxx::_Lock_policy _Lp = __gnu_cxx::_S_atomic][m[Kâ€™
[2.623s] [01m[K/usr/include/c++/11/bits/shared_ptr_base.h:1342:14:[m[K   required from â€˜[01m[Kstd::__shared_ptr<_Tp, _Lp>::__shared_ptr(std::_Sp_alloc_shared_tag<_Tp>, _Args&& ...) [with _Alloc = std::allocator<Exo1>; _Args = {}; _Tp = Exo1; __gnu_cxx::_Lock_policy _Lp = __gnu_cxx::_S_atomic][m[Kâ€™
[2.623s] [01m[K/usr/include/c++/11/bits/shared_ptr.h:409:59:[m[K   required from â€˜[01m[Kstd::shared_ptr<_Tp>::shared_ptr(std::_Sp_alloc_shared_tag<_Tp>, _Args&& ...) [with _Alloc = std::allocator<Exo1>; _Args = {}; _Tp = Exo1][m[Kâ€™
[2.623s] [01m[K/usr/include/c++/11/bits/shared_ptr.h:862:14:[m[K   required from â€˜[01m[Kstd::shared_ptr<_Tp> std::allocate_shared(const _Alloc&, _Args&& ...) [with _Tp = Exo1; _Alloc = std::allocator<Exo1>; _Args = {}][m[Kâ€™
[2.623s] [01m[K/usr/include/c++/11/bits/shared_ptr.h:878:39:[m[K   required from â€˜[01m[Kstd::shared_ptr<_Tp> std::make_shared(_Args&& ...) [with _Tp = Exo1; _Args = {}][m[Kâ€™
[2.624s] [01m[K/home/student/Documents/formation_ros2/Introduction/ros2_ws/src/cpp_pubsub/src/publisher_member_function.cpp:82:38:[m[K   required from here
[2.624s] [01m[K/usr/include/c++/11/ext/new_allocator.h:162:11:[m[K [01;31m[Kerror: [m[Kuse of deleted function â€˜[01m[KExo1::Exo1()[m[Kâ€™
[2.624s]   162 |         { [01;31m[K::new((void *)__p) _Up(std::forward<_Args>(__args)...)[m[K; }
[2.624s]       |           [01;31m[K^~~~~~~~~~~~~~~~~~~~~~~~~~~~~~~~~~~~~~~~~~~~~~~~~~~~~~[m[K
[2.624s] [01m[K/home/student/Documents/formation_ros2/Introduction/ros2_ws/src/cpp_pubsub/src/publisher_member_function.cpp:28:7:[m[K [01;36m[Knote: [m[Kâ€˜[01m[KExo1::Exo1()[m[Kâ€™ is implicitly deleted because the default definition would be ill-formed:
[2.624s]    28 | class [01;36m[KExo1[m[K : public rclcpp::Node
[2.624s]       |       [01;36m[K^~~~[m[K
[2.624s] [01m[K/home/student/Documents/formation_ros2/Introduction/ros2_ws/src/cpp_pubsub/src/publisher_member_function.cpp:28:7:[m[K [01;31m[Kerror: [m[Kno matching function for call to â€˜[01m[Krclcpp::Node::Node()[m[Kâ€™
[2.624s] In file included from [01m[K/opt/ros/humble/include/rclcpp/rclcpp/executors/single_threaded_executor.hpp:28[m[K,
[2.624s]                  from [01m[K/opt/ros/humble/include/rclcpp/rclcpp/executors.hpp:22[m[K,
[2.624s]                  from [01m[K/opt/ros/humble/include/rclcpp/rclcpp/rclcpp.hpp:155[m[K,
[2.624s]                  from [01m[K/home/student/Documents/formation_ros2/Introduction/ros2_ws/src/cpp_pubsub/src/publisher_member_function.cpp:20[m[K:
[2.624s] [01m[K/opt/ros/humble/include/rclcpp/rclcpp/node.hpp:1294:3:[m[K [01;36m[Knote: [m[Kcandidate: â€˜[01m[Krclcpp::Node::Node(const rclcpp::Node&, const string&)[m[Kâ€™
[2.624s]  1294 |   [01;36m[KNode[m[K(
[2.624s]       |   [01;36m[K^~~~[m[K
[2.624s] [01m[K/opt/ros/humble/include/rclcpp/rclcpp/node.hpp:1294:3:[m[K [01;36m[Knote: [m[K  candidate expects 2 arguments, 0 provided
[2.624s] [01m[K/opt/ros/humble/include/rclcpp/rclcpp/node.hpp:101:12:[m[K [01;36m[Knote: [m[Kcandidate: â€˜[01m[Krclcpp::Node::Node(const string&, const string&, const rclcpp::NodeOptions&)[m[Kâ€™
[2.624s]   101 |   explicit [01;36m[KNode[m[K(
[2.624s]       |            [01;36m[K^~~~[m[K
[2.625s] [01m[K/opt/ros/humble/include/rclcpp/rclcpp/node.hpp:101:12:[m[K [01;36m[Knote: [m[K  candidate expects 3 arguments, 0 provided
[2.625s] [01m[K/opt/ros/humble/include/rclcpp/rclcpp/node.hpp:89:12:[m[K [01;36m[Knote: [m[Kcandidate: â€˜[01m[Krclcpp::Node::Node(const string&, const rclcpp::NodeOptions&)[m[Kâ€™
[2.625s]    89 |   explicit [01;36m[KNode[m[K(
[2.625s]       |            [01;36m[K^~~~[m[K
[2.625s] [01m[K/opt/ros/humble/include/rclcpp/rclcpp/node.hpp:89:12:[m[K [01;36m[Knote: [m[K  candidate expects 2 arguments, 0 provided
[2.844s] gmake[2]: *** [CMakeFiles/talker.dir/build.make:76: CMakeFiles/talker.dir/src/publisher_member_function.cpp.o] Error 1
[2.844s] gmake[1]: *** [CMakeFiles/Makefile2:139: CMakeFiles/talker.dir/all] Error 2
[2.844s] gmake: *** [Makefile:146: all] Error 2
[2.846s] Invoked command in '/home/student/Documents/formation_ros2/Introduction/ros2_ws/build/cpp_pubsub' returned '2': CMAKE_PREFIX_PATH=${CMAKE_PREFIX_PATH}:/home/student/turtlebot3_ws/install/turtlebot3_teleop:/home/student/turtlebot3_ws/install/turtlebot3_example:/opt/ros/humble /usr/bin/cmake --build /home/student/Documents/formation_ros2/Introduction/ros2_ws/build/cpp_pubsub -- -j8 -l8
