[01m[K/home/student/Documents/formation_ros2/Introduction/ros2_ws/src/cpp_pubsub/src/publisher_member_function.cpp:[m[K In member function â€˜[01m[Kvoid MinimalPublisher::timer_callback()[m[Kâ€™:
[01m[K/home/student/Documents/formation_ros2/Introduction/ros2_ws/src/cpp_pubsub/src/publisher_member_function.cpp:44:17:[m[K [01;31m[Kerror: [m[Kcannot convert â€˜[01m[Kstd::string*[m[Kâ€™ {aka â€˜[01m[Kstd::__cxx11::basic_string<char>*[m[Kâ€™} to â€˜[01m[Kchar*[m[Kâ€™
   44 |     gethostname([01;31m[KinfoBuf[m[K, 100);
      |                 [01;31m[K^~~~~~~[m[K
      |                 [01;31m[K|[m[K
      |                 [01;31m[Kstd::string* {aka std::__cxx11::basic_string<char>*}[m[K
In file included from [01m[K/usr/include/x86_64-linux-gnu/bits/sigstksz.h:24[m[K,
                 from [01m[K/usr/include/signal.h:328[m[K,
                 from [01m[K/usr/include/c++/11/csignal:42[m[K,
                 from [01m[K/opt/ros/humble/include/rclcpp/rclcpp/rclcpp.hpp:152[m[K,
                 from [01m[K/home/student/Documents/formation_ros2/Introduction/ros2_ws/src/cpp_pubsub/src/publisher_member_function.cpp:20[m[K:
[01m[K/usr/include/unistd.h:911:31:[m[K [01;36m[Knote: [m[K  initializing argument 1 of â€˜[01m[Kint gethostname(char*, size_t)[m[Kâ€™
  911 | extern int gethostname ([01;36m[Kchar *__name[m[K, size_t __len) __THROW __nonnull ((1))
      |                         [01;36m[K~~~~~~^~~~~~[m[K
[01m[K/home/student/Documents/formation_ros2/Introduction/ros2_ws/src/cpp_pubsub/src/publisher_member_function.cpp:47:28:[m[K [01;31m[Kerror: [m[Kinvalid operands of types â€˜[01m[Kstd::string [100][m[Kâ€™ {aka â€˜[01m[Kstd::__cxx11::basic_string<char> [100][m[Kâ€™} and â€˜[01m[Kconst char [2][m[Kâ€™ to binary â€˜[01m[Koperator+[m[Kâ€™
   47 |     message.data = [32m[KinfoBuf[m[K [01;31m[K+[m[K [34m[K" "[m[K + std::to_string(count_++);
      |                    [32m[K~~~~~~~[m[K [01;31m[K^[m[K [34m[K~~~[m[K
      |                    [32m[K|[m[K         [34m[K|[m[K
      |                    [32m[K|[m[K         [34m[Kconst char [2][m[K
      |                    [32m[Kstd::string [100] {aka std::__cxx11::basic_string<char> [100]}[m[K
gmake[2]: *** [CMakeFiles/talker.dir/build.make:76: CMakeFiles/talker.dir/src/publisher_member_function.cpp.o] Error 1
gmake[1]: *** [CMakeFiles/Makefile2:139: CMakeFiles/talker.dir/all] Error 2
gmake: *** [Makefile:146: all] Error 2
