[0.069s] Invoking command in '/home/student/Documents/formation_ros2/Introduction/ros2_ws/build/cpp_pubsub': CMAKE_PREFIX_PATH=${CMAKE_PREFIX_PATH}:/home/student/turtlebot3_ws/install/turtlebot3_teleop:/home/student/turtlebot3_ws/install/turtlebot3_example:/opt/ros/humble /usr/bin/cmake --build /home/student/Documents/formation_ros2/Introduction/ros2_ws/build/cpp_pubsub -- -j8 -l8
[0.128s] [ 50%] Built target listener
[0.171s] [35m[1mConsolidate compiler generated dependencies of target talker[0m
[0.190s] [ 75%] [32mBuilding CXX object CMakeFiles/talker.dir/src/publisher_member_function.cpp.o[0m
[2.234s] [01m[K/home/student/Documents/formation_ros2/Introduction/ros2_ws/src/cpp_pubsub/src/publisher_member_function.cpp:[m[K In member function â€˜[01m[Kvoid MinimalPublisher::timer_callback()[m[Kâ€™:
[2.234s] [01m[K/home/student/Documents/formation_ros2/Introduction/ros2_ws/src/cpp_pubsub/src/publisher_member_function.cpp:47:28:[m[K [01;31m[Kerror: [m[Kinvalid operands of types â€˜[01m[Kchar [100][m[Kâ€™ and â€˜[01m[Kconst char [2][m[Kâ€™ to binary â€˜[01m[Koperator+[m[Kâ€™
[2.234s]    47 |     message.data = [32m[KinfoBuf[m[K [01;31m[K+[m[K [34m[K" "[m[K + ROS_DOMAIN_ID;
[2.235s]       |                    [32m[K~~~~~~~[m[K [01;31m[K^[m[K [34m[K~~~[m[K
[2.235s]       |                    [32m[K|[m[K         [34m[K|[m[K
[2.235s]       |                    [32m[K|[m[K         [34m[Kconst char [2][m[K
[2.235s]       |                    [32m[Kchar [100][m[K
[2.241s] [01m[K/home/student/Documents/formation_ros2/Introduction/ros2_ws/src/cpp_pubsub/src/publisher_member_function.cpp:47:36:[m[K [01;31m[Kerror: [m[Kâ€˜[01m[KROS_DOMAIN_ID[m[Kâ€™ was not declared in this scope; did you mean â€˜[01m[KRMW__DOMAIN_ID_H_[m[Kâ€™?
[2.241s]    47 |     message.data = infoBuf + " " + [01;31m[KROS_DOMAIN_ID[m[K;
[2.241s]       |                                    [01;31m[K^~~~~~~~~~~~~[m[K
[2.242s]       |                                    [32m[KRMW__DOMAIN_ID_H_[m[K
[2.951s] gmake[2]: *** [CMakeFiles/talker.dir/build.make:76: CMakeFiles/talker.dir/src/publisher_member_function.cpp.o] Error 1
[2.952s] gmake[1]: *** [CMakeFiles/Makefile2:139: CMakeFiles/talker.dir/all] Error 2
[2.952s] gmake: *** [Makefile:146: all] Error 2
[2.954s] Invoked command in '/home/student/Documents/formation_ros2/Introduction/ros2_ws/build/cpp_pubsub' returned '2': CMAKE_PREFIX_PATH=${CMAKE_PREFIX_PATH}:/home/student/turtlebot3_ws/install/turtlebot3_teleop:/home/student/turtlebot3_ws/install/turtlebot3_example:/opt/ros/humble /usr/bin/cmake --build /home/student/Documents/formation_ros2/Introduction/ros2_ws/build/cpp_pubsub -- -j8 -l8
