[0.022s] Invoking command in '/home/student/Documents/formation_ros2/Introduction/ros2_ws/build/cpp_pubsub': CMAKE_PREFIX_PATH=${CMAKE_PREFIX_PATH}:/home/student/turtlebot3_ws/install/turtlebot3_teleop:/home/student/turtlebot3_ws/install/turtlebot3_example:/opt/ros/humble /usr/bin/cmake --build /home/student/Documents/formation_ros2/Introduction/ros2_ws/build/cpp_pubsub -- -j8 -l8
[0.078s] [35m[1mConsolidate compiler generated dependencies of target talker[0m
[0.082s] [ 50%] Built target listener
[0.097s] [ 75%] [32mBuilding CXX object CMakeFiles/talker.dir/src/publisher_member_function.cpp.o[0m
[2.125s] [01m[K/home/student/Documents/formation_ros2/Introduction/ros2_ws/src/cpp_pubsub/src/publisher_member_function.cpp:[m[K In member function â€˜[01m[Kvoid MinimalPublisher::timer_callback()[m[Kâ€™:
[2.125s] [01m[K/home/student/Documents/formation_ros2/Introduction/ros2_ws/src/cpp_pubsub/src/publisher_member_function.cpp:47:30:[m[K [01;31m[Kerror: [m[Kno match for â€˜[01m[Koperator+[m[Kâ€™ (operand type is â€˜[01m[Kstd::string[m[Kâ€™ {aka â€˜[01m[Kstd::__cxx11::basic_string<char>[m[Kâ€™})
[2.125s]    47 |     message.data = infoBuf + [01;31m[K+ std::to_string(count_++)[m[K;
[2.125s]       |                              [01;31m[K^~~~~~~~~~~~~~~~~~~~~~~~~~[m[K
[2.125s] In file included from [01m[K/usr/include/c++/11/bits/stl_algobase.h:67[m[K,
[2.125s]                  from [01m[K/usr/include/c++/11/array:40[m[K,
[2.126s]                  from [01m[K/usr/include/c++/11/tuple:39[m[K,
[2.126s]                  from [01m[K/usr/include/c++/11/functional:54[m[K,
[2.126s]                  from [01m[K/home/student/Documents/formation_ros2/Introduction/ros2_ws/src/cpp_pubsub/src/publisher_member_function.cpp:16[m[K:
[2.126s] [01m[K/usr/include/c++/11/bits/stl_iterator.h:1276:5:[m[K [01;36m[Knote: [m[Kcandidate: â€˜[01m[Ktemplate<class _Iterator, class _Container> __gnu_cxx::__normal_iterator<_Iterator, _Container> __gnu_cxx::operator+(typename __gnu_cxx::__normal_iterator<_Iterator, _Container>::difference_type, const __gnu_cxx::__normal_iterator<_Iterator, _Container>&)[m[Kâ€™
[2.126s]  1276 |     [01;36m[Koperator[m[K+(typename __normal_iterator<_Iterator, _Container>::difference_type
[2.126s]       |     [01;36m[K^~~~~~~~[m[K
[2.127s] [01m[K/usr/include/c++/11/bits/stl_iterator.h:1276:5:[m[K [01;36m[Knote: [m[K  template argument deduction/substitution failed:
[2.127s] [01m[K/home/student/Documents/formation_ros2/Introduction/ros2_ws/src/cpp_pubsub/src/publisher_member_function.cpp:47:55:[m[K [01;36m[Knote: [m[K  candidate expects 2 arguments, 1 provided
[2.127s]    47 |     message.data = infoBuf + + std::to_string(count_++[01;36m[K)[m[K;
[2.127s]       |                                                       [01;36m[K^[m[K
[2.127s] In file included from [01m[K/usr/include/c++/11/bits/stl_algobase.h:67[m[K,
[2.127s]                  from [01m[K/usr/include/c++/11/array:40[m[K,
[2.127s]                  from [01m[K/usr/include/c++/11/tuple:39[m[K,
[2.128s]                  from [01m[K/usr/include/c++/11/functional:54[m[K,
[2.128s]                  from [01m[K/home/student/Documents/formation_ros2/Introduction/ros2_ws/src/cpp_pubsub/src/publisher_member_function.cpp:16[m[K:
[2.128s] [01m[K/usr/include/c++/11/bits/stl_iterator.h:585:5:[m[K [01;36m[Knote: [m[Kcandidate: â€˜[01m[Ktemplate<class _Iterator> constexpr std::reverse_iterator<_Iterator> std::operator+(typename std::reverse_iterator<_Iterator>::difference_type, const std::reverse_iterator<_Iterator>&)[m[Kâ€™
[2.128s]   585 |     [01;36m[Koperator[m[K+(typename reverse_iterator<_Iterator>::difference_type __n,
[2.128s]       |     [01;36m[K^~~~~~~~[m[K
[2.128s] [01m[K/usr/include/c++/11/bits/stl_iterator.h:585:5:[m[K [01;36m[Knote: [m[K  template argument deduction/substitution failed:
[2.128s] [01m[K/home/student/Documents/formation_ros2/Introduction/ros2_ws/src/cpp_pubsub/src/publisher_member_function.cpp:47:55:[m[K [01;36m[Knote: [m[K  candidate expects 2 arguments, 1 provided
[2.128s]    47 |     message.data = infoBuf + + std::to_string(count_++[01;36m[K)[m[K;
[2.128s]       |                                                       [01;36m[K^[m[K
[2.128s] In file included from [01m[K/usr/include/c++/11/bits/stl_algobase.h:67[m[K,
[2.129s]                  from [01m[K/usr/include/c++/11/array:40[m[K,
[2.129s]                  from [01m[K/usr/include/c++/11/tuple:39[m[K,
[2.129s]                  from [01m[K/usr/include/c++/11/functional:54[m[K,
[2.129s]                  from [01m[K/home/student/Documents/formation_ros2/Introduction/ros2_ws/src/cpp_pubsub/src/publisher_member_function.cpp:16[m[K:
[2.129s] [01m[K/usr/include/c++/11/bits/stl_iterator.h:1700:5:[m[K [01;36m[Knote: [m[Kcandidate: â€˜[01m[Ktemplate<class _Iterator> constexpr std::move_iterator<_IteratorL> std::operator+(typename std::move_iterator<_IteratorL>::difference_type, const std::move_iterator<_IteratorL>&)[m[Kâ€™
[2.129s]  1700 |     [01;36m[Koperator[m[K+(typename move_iterator<_Iterator>::difference_type __n,
[2.129s]       |     [01;36m[K^~~~~~~~[m[K
[2.129s] [01m[K/usr/include/c++/11/bits/stl_iterator.h:1700:5:[m[K [01;36m[Knote: [m[K  template argument deduction/substitution failed:
[2.129s] [01m[K/home/student/Documents/formation_ros2/Introduction/ros2_ws/src/cpp_pubsub/src/publisher_member_function.cpp:47:55:[m[K [01;36m[Knote: [m[K  candidate expects 2 arguments, 1 provided
[2.129s]    47 |     message.data = infoBuf + + std::to_string(count_++[01;36m[K)[m[K;
[2.130s]       |                                                       [01;36m[K^[m[K
[2.130s] In file included from [01m[K/usr/include/c++/11/string:55[m[K,
[2.130s]                  from [01m[K/home/student/Documents/formation_ros2/Introduction/ros2_ws/src/cpp_pubsub/src/publisher_member_function.cpp:18[m[K:
[2.130s] [01m[K/usr/include/c++/11/bits/basic_string.h:6095:5:[m[K [01;36m[Knote: [m[Kcandidate: â€˜[01m[Ktemplate<class _CharT, class _Traits, class _Alloc> std::__cxx11::basic_string<_CharT, _Traits, _Allocator> std::operator+(const std::__cxx11::basic_string<_CharT, _Traits, _Allocator>&, const std::__cxx11::basic_string<_CharT, _Traits, _Allocator>&)[m[Kâ€™
[2.130s]  6095 |     [01;36m[Koperator[m[K+(const basic_string<_CharT, _Traits, _Alloc>& __lhs,
[2.130s]       |     [01;36m[K^~~~~~~~[m[K
[2.130s] [01m[K/usr/include/c++/11/bits/basic_string.h:6095:5:[m[K [01;36m[Knote: [m[K  template argument deduction/substitution failed:
[2.130s] [01m[K/home/student/Documents/formation_ros2/Introduction/ros2_ws/src/cpp_pubsub/src/publisher_member_function.cpp:47:55:[m[K [01;36m[Knote: [m[K  candidate expects 2 arguments, 1 provided
[2.130s]    47 |     message.data = infoBuf + + std::to_string(count_++[01;36m[K)[m[K;
[2.131s]       |                                                       [01;36m[K^[m[K
[2.131s] In file included from [01m[K/usr/include/c++/11/string:56[m[K,
[2.131s]                  from [01m[K/home/student/Documents/formation_ros2/Introduction/ros2_ws/src/cpp_pubsub/src/publisher_member_function.cpp:18[m[K:
[2.131s] [01m[K/usr/include/c++/11/bits/basic_string.tcc:1169:5:[m[K [01;36m[Knote: [m[Kcandidate: â€˜[01m[Ktemplate<class _CharT, class _Traits, class _Alloc> std::__cxx11::basic_string<_CharT, _Traits, _Allocator> std::operator+(const _CharT*, const std::__cxx11::basic_string<_CharT, _Traits, _Allocator>&)[m[Kâ€™
[2.131s]  1169 |     [01;36m[Koperator[m[K+(const _CharT* __lhs,
[2.131s]       |     [01;36m[K^~~~~~~~[m[K
[2.131s] [01m[K/usr/include/c++/11/bits/basic_string.tcc:1169:5:[m[K [01;36m[Knote: [m[K  template argument deduction/substitution failed:
[2.131s] [01m[K/home/student/Documents/formation_ros2/Introduction/ros2_ws/src/cpp_pubsub/src/publisher_member_function.cpp:47:55:[m[K [01;36m[Knote: [m[K  mismatched types â€˜[01m[Kconst _CharT*[m[Kâ€™ and â€˜[01m[Kstd::__cxx11::basic_string<char>[m[Kâ€™
[2.131s]    47 |     message.data = infoBuf + + std::to_string(count_++[01;36m[K)[m[K;
[2.132s]       |                                                       [01;36m[K^[m[K
[2.132s] In file included from [01m[K/usr/include/c++/11/string:56[m[K,
[2.132s]                  from [01m[K/home/student/Documents/formation_ros2/Introduction/ros2_ws/src/cpp_pubsub/src/publisher_member_function.cpp:18[m[K:
[2.132s] [01m[K/usr/include/c++/11/bits/basic_string.tcc:1189:5:[m[K [01;36m[Knote: [m[Kcandidate: â€˜[01m[Ktemplate<class _CharT, class _Traits, class _Alloc> std::__cxx11::basic_string<_CharT, _Traits, _Allocator> std::operator+(_CharT, const std::__cxx11::basic_string<_CharT, _Traits, _Allocator>&)[m[Kâ€™
[2.132s]  1189 |     [01;36m[Koperator[m[K+(_CharT __lhs, const basic_string<_CharT, _Traits, _Alloc>& __rhs)
[2.132s]       |     [01;36m[K^~~~~~~~[m[K
[2.132s] [01m[K/usr/include/c++/11/bits/basic_string.tcc:1189:5:[m[K [01;36m[Knote: [m[K  template argument deduction/substitution failed:
[2.132s] [01m[K/home/student/Documents/formation_ros2/Introduction/ros2_ws/src/cpp_pubsub/src/publisher_member_function.cpp:47:55:[m[K [01;36m[Knote: [m[K  candidate expects 2 arguments, 1 provided
[2.132s]    47 |     message.data = infoBuf + + std::to_string(count_++[01;36m[K)[m[K;
[2.133s]       |                                                       [01;36m[K^[m[K
[2.133s] In file included from [01m[K/usr/include/c++/11/string:55[m[K,
[2.133s]                  from [01m[K/home/student/Documents/formation_ros2/Introduction/ros2_ws/src/cpp_pubsub/src/publisher_member_function.cpp:18[m[K:
[2.133s] [01m[K/usr/include/c++/11/bits/basic_string.h:6132:5:[m[K [01;36m[Knote: [m[Kcandidate: â€˜[01m[Ktemplate<class _CharT, class _Traits, class _Alloc> std::__cxx11::basic_string<_CharT, _Traits, _Allocator> std::operator+(const std::__cxx11::basic_string<_CharT, _Traits, _Allocator>&, const _CharT*)[m[Kâ€™
[2.133s]  6132 |     [01;36m[Koperator[m[K+(const basic_string<_CharT, _Traits, _Alloc>& __lhs,
[2.133s]       |     [01;36m[K^~~~~~~~[m[K
[2.133s] [01m[K/usr/include/c++/11/bits/basic_string.h:6132:5:[m[K [01;36m[Knote: [m[K  template argument deduction/substitution failed:
[2.133s] [01m[K/home/student/Documents/formation_ros2/Introduction/ros2_ws/src/cpp_pubsub/src/publisher_member_function.cpp:47:55:[m[K [01;36m[Knote: [m[K  candidate expects 2 arguments, 1 provided
[2.133s]    47 |     message.data = infoBuf + + std::to_string(count_++[01;36m[K)[m[K;
[2.133s]       |                                                       [01;36m[K^[m[K
[2.134s] In file included from [01m[K/usr/include/c++/11/string:55[m[K,
[2.134s]                  from [01m[K/home/student/Documents/formation_ros2/Introduction/ros2_ws/src/cpp_pubsub/src/publisher_member_function.cpp:18[m[K:
[2.134s] [01m[K/usr/include/c++/11/bits/basic_string.h:6148:5:[m[K [01;36m[Knote: [m[Kcandidate: â€˜[01m[Ktemplate<class _CharT, class _Traits, class _Alloc> std::__cxx11::basic_string<_CharT, _Traits, _Allocator> std::operator+(const std::__cxx11::basic_string<_CharT, _Traits, _Allocator>&, _CharT)[m[Kâ€™
[2.134s]  6148 |     [01;36m[Koperator[m[K+(const basic_string<_CharT, _Traits, _Alloc>& __lhs, _CharT __rhs)
[2.134s]       |     [01;36m[K^~~~~~~~[m[K
[2.134s] [01m[K/usr/include/c++/11/bits/basic_string.h:6148:5:[m[K [01;36m[Knote: [m[K  template argument deduction/substitution failed:
[2.134s] [01m[K/home/student/Documents/formation_ros2/Introduction/ros2_ws/src/cpp_pubsub/src/publisher_member_function.cpp:47:55:[m[K [01;36m[Knote: [m[K  candidate expects 2 arguments, 1 provided
[2.134s]    47 |     message.data = infoBuf + + std::to_string(count_++[01;36m[K)[m[K;
[2.134s]       |                                                       [01;36m[K^[m[K
[2.134s] In file included from [01m[K/usr/include/c++/11/string:55[m[K,
[2.135s]                  from [01m[K/home/student/Documents/formation_ros2/Introduction/ros2_ws/src/cpp_pubsub/src/publisher_member_function.cpp:18[m[K:
[2.135s] [01m[K/usr/include/c++/11/bits/basic_string.h:6160:5:[m[K [01;36m[Knote: [m[Kcandidate: â€˜[01m[Ktemplate<class _CharT, class _Traits, class _Alloc> std::__cxx11::basic_string<_CharT, _Traits, _Allocator> std::operator+(std::__cxx11::basic_string<_CharT, _Traits, _Allocator>&&, const std::__cxx11::basic_string<_CharT, _Traits, _Allocator>&)[m[Kâ€™
[2.135s]  6160 |     [01;36m[Koperator[m[K+(basic_string<_CharT, _Traits, _Alloc>&& __lhs,
[2.135s]       |     [01;36m[K^~~~~~~~[m[K
[2.135s] [01m[K/usr/include/c++/11/bits/basic_string.h:6160:5:[m[K [01;36m[Knote: [m[K  template argument deduction/substitution failed:
[2.135s] [01m[K/home/student/Documents/formation_ros2/Introduction/ros2_ws/src/cpp_pubsub/src/publisher_member_function.cpp:47:55:[m[K [01;36m[Knote: [m[K  candidate expects 2 arguments, 1 provided
[2.135s]    47 |     message.data = infoBuf + + std::to_string(count_++[01;36m[K)[m[K;
[2.135s]       |                                                       [01;36m[K^[m[K
[2.135s] In file included from [01m[K/usr/include/c++/11/string:55[m[K,
[2.135s]                  from [01m[K/home/student/Documents/formation_ros2/Introduction/ros2_ws/src/cpp_pubsub/src/publisher_member_function.cpp:18[m[K:
[2.136s] [01m[K/usr/include/c++/11/bits/basic_string.h:6166:5:[m[K [01;36m[Knote: [m[Kcandidate: â€˜[01m[Ktemplate<class _CharT, class _Traits, class _Alloc> std::__cxx11::basic_string<_CharT, _Traits, _Allocator> std::operator+(const std::__cxx11::basic_string<_CharT, _Traits, _Allocator>&, std::__cxx11::basic_string<_CharT, _Traits, _Allocator>&&)[m[Kâ€™
[2.136s]  6166 |     [01;36m[Koperator[m[K+(const basic_string<_CharT, _Traits, _Alloc>& __lhs,
[2.136s]       |     [01;36m[K^~~~~~~~[m[K
[2.136s] [01m[K/usr/include/c++/11/bits/basic_string.h:6166:5:[m[K [01;36m[Knote: [m[K  template argument deduction/substitution failed:
[2.136s] [01m[K/home/student/Documents/formation_ros2/Introduction/ros2_ws/src/cpp_pubsub/src/publisher_member_function.cpp:47:55:[m[K [01;36m[Knote: [m[K  candidate expects 2 arguments, 1 provided
[2.136s]    47 |     message.data = infoBuf + + std::to_string(count_++[01;36m[K)[m[K;
[2.136s]       |                                                       [01;36m[K^[m[K
[2.136s] In file included from [01m[K/usr/include/c++/11/string:55[m[K,
[2.136s]                  from [01m[K/home/student/Documents/formation_ros2/Introduction/ros2_ws/src/cpp_pubsub/src/publisher_member_function.cpp:18[m[K:
[2.137s] [01m[K/usr/include/c++/11/bits/basic_string.h:6172:5:[m[K [01;36m[Knote: [m[Kcandidate: â€˜[01m[Ktemplate<class _CharT, class _Traits, class _Alloc> std::__cxx11::basic_string<_CharT, _Traits, _Allocator> std::operator+(std::__cxx11::basic_string<_CharT, _Traits, _Allocator>&&, std::__cxx11::basic_string<_CharT, _Traits, _Allocator>&&)[m[Kâ€™
[2.137s]  6172 |     [01;36m[Koperator[m[K+(basic_string<_CharT, _Traits, _Alloc>&& __lhs,
[2.137s]       |     [01;36m[K^~~~~~~~[m[K
[2.137s] [01m[K/usr/include/c++/11/bits/basic_string.h:6172:5:[m[K [01;36m[Knote: [m[K  template argument deduction/substitution failed:
[2.137s] [01m[K/home/student/Documents/formation_ros2/Introduction/ros2_ws/src/cpp_pubsub/src/publisher_member_function.cpp:47:55:[m[K [01;36m[Knote: [m[K  candidate expects 2 arguments, 1 provided
[2.137s]    47 |     message.data = infoBuf + + std::to_string(count_++[01;36m[K)[m[K;
[2.137s]       |                                                       [01;36m[K^[m[K
[2.137s] In file included from [01m[K/usr/include/c++/11/string:55[m[K,
[2.137s]                  from [01m[K/home/student/Documents/formation_ros2/Introduction/ros2_ws/src/cpp_pubsub/src/publisher_member_function.cpp:18[m[K:
[2.137s] [01m[K/usr/include/c++/11/bits/basic_string.h:6194:5:[m[K [01;36m[Knote: [m[Kcandidate: â€˜[01m[Ktemplate<class _CharT, class _Traits, class _Alloc> std::__cxx11::basic_string<_CharT, _Traits, _Allocator> std::operator+(const _CharT*, std::__cxx11::basic_string<_CharT, _Traits, _Allocator>&&)[m[Kâ€™
[2.138s]  6194 |     [01;36m[Koperator[m[K+(const _CharT* __lhs,
[2.138s]       |     [01;36m[K^~~~~~~~[m[K
[2.138s] [01m[K/usr/include/c++/11/bits/basic_string.h:6194:5:[m[K [01;36m[Knote: [m[K  template argument deduction/substitution failed:
[2.138s] [01m[K/home/student/Documents/formation_ros2/Introduction/ros2_ws/src/cpp_pubsub/src/publisher_member_function.cpp:47:55:[m[K [01;36m[Knote: [m[K  mismatched types â€˜[01m[Kconst _CharT*[m[Kâ€™ and â€˜[01m[Kstd::__cxx11::basic_string<char>[m[Kâ€™
[2.138s]    47 |     message.data = infoBuf + + std::to_string(count_++[01;36m[K)[m[K;
[2.138s]       |                                                       [01;36m[K^[m[K
[2.138s] In file included from [01m[K/usr/include/c++/11/string:55[m[K,
[2.138s]                  from [01m[K/home/student/Documents/formation_ros2/Introduction/ros2_ws/src/cpp_pubsub/src/publisher_member_function.cpp:18[m[K:
[2.138s] [01m[K/usr/include/c++/11/bits/basic_string.h:6200:5:[m[K [01;36m[Knote: [m[Kcandidate: â€˜[01m[Ktemplate<class _CharT, class _Traits, class _Alloc> std::__cxx11::basic_string<_CharT, _Traits, _Allocator> std::operator+(_CharT, std::__cxx11::basic_string<_CharT, _Traits, _Allocator>&&)[m[Kâ€™
[2.138s]  6200 |     [01;36m[Koperator[m[K+(_CharT __lhs,
[2.139s]       |     [01;36m[K^~~~~~~~[m[K
[2.139s] [01m[K/usr/include/c++/11/bits/basic_string.h:6200:5:[m[K [01;36m[Knote: [m[K  template argument deduction/substitution failed:
[2.139s] [01m[K/home/student/Documents/formation_ros2/Introduction/ros2_ws/src/cpp_pubsub/src/publisher_member_function.cpp:47:55:[m[K [01;36m[Knote: [m[K  candidate expects 2 arguments, 1 provided
[2.139s]    47 |     message.data = infoBuf + + std::to_string(count_++[01;36m[K)[m[K;
[2.139s]       |                                                       [01;36m[K^[m[K
[2.139s] In file included from [01m[K/usr/include/c++/11/string:55[m[K,
[2.139s]                  from [01m[K/home/student/Documents/formation_ros2/Introduction/ros2_ws/src/cpp_pubsub/src/publisher_member_function.cpp:18[m[K:
[2.139s] [01m[K/usr/include/c++/11/bits/basic_string.h:6206:5:[m[K [01;36m[Knote: [m[Kcandidate: â€˜[01m[Ktemplate<class _CharT, class _Traits, class _Alloc> std::__cxx11::basic_string<_CharT, _Traits, _Allocator> std::operator+(std::__cxx11::basic_string<_CharT, _Traits, _Allocator>&&, const _CharT*)[m[Kâ€™
[2.139s]  6206 |     [01;36m[Koperator[m[K+(basic_string<_CharT, _Traits, _Alloc>&& __lhs,
[2.140s]       |     [01;36m[K^~~~~~~~[m[K
[2.140s] [01m[K/usr/include/c++/11/bits/basic_string.h:6206:5:[m[K [01;36m[Knote: [m[K  template argument deduction/substitution failed:
[2.140s] [01m[K/home/student/Documents/formation_ros2/Introduction/ros2_ws/src/cpp_pubsub/src/publisher_member_function.cpp:47:55:[m[K [01;36m[Knote: [m[K  candidate expects 2 arguments, 1 provided
[2.140s]    47 |     message.data = infoBuf + + std::to_string(count_++[01;36m[K)[m[K;
[2.140s]       |                                                       [01;36m[K^[m[K
[2.140s] In file included from [01m[K/usr/include/c++/11/string:55[m[K,
[2.140s]                  from [01m[K/home/student/Documents/formation_ros2/Introduction/ros2_ws/src/cpp_pubsub/src/publisher_member_function.cpp:18[m[K:
[2.140s] [01m[K/usr/include/c++/11/bits/basic_string.h:6212:5:[m[K [01;36m[Knote: [m[Kcandidate: â€˜[01m[Ktemplate<class _CharT, class _Traits, class _Alloc> std::__cxx11::basic_string<_CharT, _Traits, _Allocator> std::operator+(std::__cxx11::basic_string<_CharT, _Traits, _Allocator>&&, _CharT)[m[Kâ€™
[2.140s]  6212 |     [01;36m[Koperator[m[K+(basic_string<_CharT, _Traits, _Alloc>&& __lhs,
[2.140s]       |     [01;36m[K^~~~~~~~[m[K
[2.141s] [01m[K/usr/include/c++/11/bits/basic_string.h:6212:5:[m[K [01;36m[Knote: [m[K  template argument deduction/substitution failed:
[2.141s] [01m[K/home/student/Documents/formation_ros2/Introduction/ros2_ws/src/cpp_pubsub/src/publisher_member_function.cpp:47:55:[m[K [01;36m[Knote: [m[K  candidate expects 2 arguments, 1 provided
[2.141s]    47 |     message.data = infoBuf + + std::to_string(count_++[01;36m[K)[m[K;
[2.141s]       |                                                       [01;36m[K^[m[K
[2.827s] gmake[2]: *** [CMakeFiles/talker.dir/build.make:76: CMakeFiles/talker.dir/src/publisher_member_function.cpp.o] Error 1
[2.827s] gmake[1]: *** [CMakeFiles/Makefile2:139: CMakeFiles/talker.dir/all] Error 2
[2.828s] gmake: *** [Makefile:146: all] Error 2
[2.830s] Invoked command in '/home/student/Documents/formation_ros2/Introduction/ros2_ws/build/cpp_pubsub' returned '2': CMAKE_PREFIX_PATH=${CMAKE_PREFIX_PATH}:/home/student/turtlebot3_ws/install/turtlebot3_teleop:/home/student/turtlebot3_ws/install/turtlebot3_example:/opt/ros/humble /usr/bin/cmake --build /home/student/Documents/formation_ros2/Introduction/ros2_ws/build/cpp_pubsub -- -j8 -l8
