[0.000000] (-) TimerEvent: {}
[0.000140] (-) JobUnselected: {'identifier': 'tutorial_interfaces'}
[0.000180] (cpp_pubsub) JobQueued: {'identifier': 'cpp_pubsub', 'dependencies': OrderedDict([('tutorial_interfaces', '/home/student/Documents/formation_ros2/Introduction/ros2_ws/install/tutorial_interfaces')])}
[0.000506] (cpp_pubsub) JobStarted: {'identifier': 'cpp_pubsub'}
[0.012585] (cpp_pubsub) JobProgress: {'identifier': 'cpp_pubsub', 'progress': 'cmake'}
[0.068220] (cpp_pubsub) JobProgress: {'identifier': 'cpp_pubsub', 'progress': 'build'}
[0.069063] (cpp_pubsub) Command: {'cmd': ['/usr/bin/cmake', '--build', '/home/student/Documents/formation_ros2/Introduction/ros2_ws/build/cpp_pubsub', '--', '-j8', '-l8'], 'cwd': '/home/student/Documents/formation_ros2/Introduction/ros2_ws/build/cpp_pubsub', 'env': OrderedDict([('LESSOPEN', '| /usr/bin/lesspipe %s'), ('USER', 'student'), ('XDG_SESSION_TYPE', 'wayland'), ('SHLVL', '1'), ('LD_LIBRARY_PATH', '/home/student/Documents/formation_ros2/Introduction/ros2_ws/install/tutorial_interfaces/lib:/home/student/turtlebot3_ws/install/turtlebot3_msgs/lib:/home/student/turtlebot3_ws/install/dynamixel_sdk_custom_interfaces/lib:/home/student/turtlebot3_ws/install/dynamixel_sdk/lib:/usr/lib/x86_64-linux-gnu/gazebo-11/plugins:/opt/ros/humble/opt/rviz_ogre_vendor/lib:/opt/ros/humble/lib/x86_64-linux-gnu:/opt/ros/humble/lib'), ('HOME', '/home/student'), ('OLDPWD', '/home/student/Documents/formation_ros2/Introduction/ros2_ws/src'), ('DESKTOP_SESSION', 'ubuntu'), ('ROS_PYTHON_VERSION', '3'), ('GNOME_SHELL_SESSION_MODE', 'ubuntu'), ('GTK_MODULES', 'gail:atk-bridge'), ('SYSTEMD_EXEC_PID', '1611'), ('DBUS_SESSION_BUS_ADDRESS', 'unix:path=/run/user/1000/bus'), ('COLORTERM', 'truecolor'), ('IM_CONFIG_PHASE', '1'), ('WAYLAND_DISPLAY', 'wayland-0'), ('COLCON_PREFIX_PATH', '/home/student/Documents/formation_ros2/Introduction/ros2_ws/install:/home/student/turtlebot3_ws/install'), ('ROS_DISTRO', 'humble'), ('LOGNAME', 'student'), ('_', '/usr/bin/colcon'), ('ROS_VERSION', '2'), ('XDG_SESSION_CLASS', 'user'), ('USERNAME', 'student'), ('TERM', 'xterm-256color'), ('GNOME_DESKTOP_SESSION_ID', 'this-is-deprecated'), ('ROS_LOCALHOST_ONLY', '0'), ('PATH', '/opt/ros/humble/bin:/usr/local/sbin:/usr/local/bin:/usr/sbin:/usr/bin:/sbin:/bin:/usr/games:/usr/local/games:/snap/bin:/snap/bin'), ('SESSION_MANAGER', 'local/student-7:@/tmp/.ICE-unix/1464,unix/student-7:/tmp/.ICE-unix/1464'), ('XDG_MENU_PREFIX', 'gnome-'), ('GNOME_TERMINAL_SCREEN', '/org/gnome/Terminal/screen/e86bfce0_5c57_442d_b9b3_748ec38b150c'), ('GNOME_SETUP_DISPLAY', ':1'), ('XDG_RUNTIME_DIR', '/run/user/1000'), ('DISPLAY', ':0'), ('LANG', 'en_US.UTF-8'), ('XDG_CURRENT_DESKTOP', 'ubuntu:GNOME'), ('XMODIFIERS', '@im=ibus'), ('XDG_SESSION_DESKTOP', 'ubuntu'), ('XAUTHORITY', '/run/user/1000/.mutter-Xwaylandauth.QC10E3'), ('LS_COLORS', 'rs=0:di=01;34:ln=01;36:mh=00:pi=40;33:so=01;35:do=01;35:bd=40;33;01:cd=40;33;01:or=40;31;01:mi=00:su=37;41:sg=30;43:ca=30;41:tw=30;42:ow=34;42:st=37;44:ex=01;32:*.tar=01;31:*.tgz=01;31:*.arc=01;31:*.arj=01;31:*.taz=01;31:*.lha=01;31:*.lz4=01;31:*.lzh=01;31:*.lzma=01;31:*.tlz=01;31:*.txz=01;31:*.tzo=01;31:*.t7z=01;31:*.zip=01;31:*.z=01;31:*.dz=01;31:*.gz=01;31:*.lrz=01;31:*.lz=01;31:*.lzo=01;31:*.xz=01;31:*.zst=01;31:*.tzst=01;31:*.bz2=01;31:*.bz=01;31:*.tbz=01;31:*.tbz2=01;31:*.tz=01;31:*.deb=01;31:*.rpm=01;31:*.jar=01;31:*.war=01;31:*.ear=01;31:*.sar=01;31:*.rar=01;31:*.alz=01;31:*.ace=01;31:*.zoo=01;31:*.cpio=01;31:*.7z=01;31:*.rz=01;31:*.cab=01;31:*.wim=01;31:*.swm=01;31:*.dwm=01;31:*.esd=01;31:*.jpg=01;35:*.jpeg=01;35:*.mjpg=01;35:*.mjpeg=01;35:*.gif=01;35:*.bmp=01;35:*.pbm=01;35:*.pgm=01;35:*.ppm=01;35:*.tga=01;35:*.xbm=01;35:*.xpm=01;35:*.tif=01;35:*.tiff=01;35:*.png=01;35:*.svg=01;35:*.svgz=01;35:*.mng=01;35:*.pcx=01;35:*.mov=01;35:*.mpg=01;35:*.mpeg=01;35:*.m2v=01;35:*.mkv=01;35:*.webm=01;35:*.webp=01;35:*.ogm=01;35:*.mp4=01;35:*.m4v=01;35:*.mp4v=01;35:*.vob=01;35:*.qt=01;35:*.nuv=01;35:*.wmv=01;35:*.asf=01;35:*.rm=01;35:*.rmvb=01;35:*.flc=01;35:*.avi=01;35:*.fli=01;35:*.flv=01;35:*.gl=01;35:*.dl=01;35:*.xcf=01;35:*.xwd=01;35:*.yuv=01;35:*.cgm=01;35:*.emf=01;35:*.ogv=01;35:*.ogx=01;35:*.aac=00;36:*.au=00;36:*.flac=00;36:*.m4a=00;36:*.mid=00;36:*.midi=00;36:*.mka=00;36:*.mp3=00;36:*.mpc=00;36:*.ogg=00;36:*.ra=00;36:*.wav=00;36:*.oga=00;36:*.opus=00;36:*.spx=00;36:*.xspf=00;36:'), ('GNOME_TERMINAL_SERVICE', ':1.275'), ('SSH_AGENT_LAUNCHER', 'gnome-keyring'), ('SSH_AUTH_SOCK', '/run/user/1000/keyring/ssh'), ('ROS_DOMAIN_ID', '42'), ('AMENT_PREFIX_PATH', '/home/student/Documents/formation_ros2/Introduction/ros2_ws/install/tutorial_interfaces:/home/student/Documents/formation_ros2/Introduction/ros2_ws/install/cpp_pubsub:/home/student/turtlebot3_ws/install/turtlebot3:/home/student/turtlebot3_ws/install/turtlebot3_teleop:/home/student/turtlebot3_ws/install/turtlebot3_bringup:/home/student/turtlebot3_ws/install/turtlebot3_node:/home/student/turtlebot3_ws/install/turtlebot3_navigation2:/home/student/turtlebot3_ws/install/turtlebot3_example:/home/student/turtlebot3_ws/install/turtlebot3_msgs:/home/student/turtlebot3_ws/install/turtlebot3_description:/home/student/turtlebot3_ws/install/turtlebot3_cartographer:/home/student/turtlebot3_ws/install/dynamixel_sdk_examples:/home/student/turtlebot3_ws/install/dynamixel_sdk_custom_interfaces:/home/student/turtlebot3_ws/install/dynamixel_sdk:/opt/ros/humble'), ('SHELL', '/bin/bash'), ('QT_ACCESSIBILITY', '1'), ('GDMSESSION', 'ubuntu'), ('LESSCLOSE', '/usr/bin/lesspipe %s %s'), ('QT_IM_MODULE', 'ibus'), ('PWD', '/home/student/Documents/formation_ros2/Introduction/ros2_ws/build/cpp_pubsub'), ('LC_ALL', 'en_US.UTF-8'), ('XDG_CONFIG_DIRS', '/etc/xdg/xdg-ubuntu:/etc/xdg'), ('XDG_DATA_DIRS', '/usr/share/ubuntu:/usr/local/share/:/usr/share/:/var/lib/snapd/desktop'), ('PYTHONPATH', '/home/student/Documents/formation_ros2/Introduction/ros2_ws/install/tutorial_interfaces/local/lib/python3.10/dist-packages:/home/student/turtlebot3_ws/build/turtlebot3_teleop:/home/student/turtlebot3_ws/install/turtlebot3_teleop/lib/python3.10/site-packages:/home/student/turtlebot3_ws/build/turtlebot3_example:/home/student/turtlebot3_ws/install/turtlebot3_example/lib/python3.10/site-packages:/home/student/turtlebot3_ws/install/turtlebot3_msgs/local/lib/python3.10/dist-packages:/home/student/turtlebot3_ws/install/dynamixel_sdk_custom_interfaces/local/lib/python3.10/dist-packages:/home/student/turtlebot3_ws/install/dynamixel_sdk/local/lib/python3.10/dist-packages:/opt/ros/humble/lib/python3.10/site-packages:/opt/ros/humble/local/lib/python3.10/dist-packages'), ('COLCON', '1'), ('VTE_VERSION', '6800'), ('CMAKE_PREFIX_PATH', '/home/student/Documents/formation_ros2/Introduction/ros2_ws/install/tutorial_interfaces:/home/student/Documents/formation_ros2/Introduction/ros2_ws/install/cpp_pubsub:/home/student/turtlebot3_ws/install/turtlebot3:/home/student/turtlebot3_ws/install/turtlebot3_bringup:/home/student/turtlebot3_ws/install/turtlebot3_node:/home/student/turtlebot3_ws/install/turtlebot3_navigation2:/home/student/turtlebot3_ws/install/turtlebot3_msgs:/home/student/turtlebot3_ws/install/turtlebot3_description:/home/student/turtlebot3_ws/install/turtlebot3_cartographer:/home/student/turtlebot3_ws/install/dynamixel_sdk_examples:/home/student/turtlebot3_ws/install/dynamixel_sdk_custom_interfaces:/home/student/turtlebot3_ws/install/dynamixel_sdk:/home/student/turtlebot3_ws/install/turtlebot3_teleop:/home/student/turtlebot3_ws/install/turtlebot3_example:/opt/ros/humble')]), 'shell': False}
[0.099491] (-) TimerEvent: {}
[0.122005] (cpp_pubsub) StdoutLine: {'line': b'\x1b[35m\x1b[1mConsolidate compiler generated dependencies of target exo5_publisher\x1b[0m\n'}
[0.122310] (cpp_pubsub) StdoutLine: {'line': b'\x1b[35m\x1b[1mConsolidate compiler generated dependencies of target exo4_publisher\x1b[0m\n'}
[0.138193] (cpp_pubsub) StdoutLine: {'line': b'[ 14%] Built target exo2_publisher\n'}
[0.140494] (cpp_pubsub) StdoutLine: {'line': b'[ 28%] Built target exo1_publisher\n'}
[0.140825] (cpp_pubsub) StdoutLine: {'line': b'[ 57%] Built target exo3_publisher\n'}
[0.141039] (cpp_pubsub) StdoutLine: {'line': b'[ 57%] Built target exo1_listener\n'}
[0.142253] (cpp_pubsub) StdoutLine: {'line': b'[ 71%] Built target exo4_listener\n'}
[0.149510] (cpp_pubsub) StdoutLine: {'line': b'[ 78%] \x1b[32mBuilding CXX object CMakeFiles/exo4_publisher.dir/src/exo4_publisher.cpp.o\x1b[0m\n'}
[0.150876] (cpp_pubsub) StdoutLine: {'line': b'[ 85%] \x1b[32mBuilding CXX object CMakeFiles/exo5_publisher.dir/src/exo5_publisher.cpp.o\x1b[0m\n'}
[0.199595] (-) TimerEvent: {}
[0.299854] (-) TimerEvent: {}
[0.400242] (-) TimerEvent: {}
[0.500546] (-) TimerEvent: {}
[0.600862] (-) TimerEvent: {}
[0.701161] (-) TimerEvent: {}
[0.801484] (-) TimerEvent: {}
[0.901792] (-) TimerEvent: {}
[1.002106] (-) TimerEvent: {}
[1.102417] (-) TimerEvent: {}
[1.202733] (-) TimerEvent: {}
[1.303080] (-) TimerEvent: {}
[1.403364] (-) TimerEvent: {}
[1.503665] (-) TimerEvent: {}
[1.603964] (-) TimerEvent: {}
[1.704250] (-) TimerEvent: {}
[1.804536] (-) TimerEvent: {}
[1.904838] (-) TimerEvent: {}
[2.005127] (-) TimerEvent: {}
[2.105416] (-) TimerEvent: {}
[2.205716] (-) TimerEvent: {}
[2.277984] (cpp_pubsub) StderrLine: {'line': b'\x1b[01m\x1b[K/home/student/Documents/formation_ros2/Introduction/ros2_ws/src/cpp_pubsub/src/exo4_publisher.cpp:56:21:\x1b[m\x1b[K \x1b[01;31m\x1b[Kerror: \x1b[m\x1b[K\xe2\x80\x98\x1b[01m\x1b[Kstd_msgs\x1b[m\x1b[K\xe2\x80\x99 was not declared in this scope\n'}
[2.278149] (cpp_pubsub) StderrLine: {'line': b'   56 |   rclcpp::Publisher<\x1b[01;31m\x1b[Kstd_msgs\x1b[m\x1b[K::msg::String>::SharedPtr publisher_;\n'}
[2.278213] (cpp_pubsub) StderrLine: {'line': b'      |                     \x1b[01;31m\x1b[K^~~~~~~~\x1b[m\x1b[K\n'}
[2.278270] (cpp_pubsub) StderrLine: {'line': b'\x1b[01m\x1b[K/home/student/Documents/formation_ros2/Introduction/ros2_ws/src/cpp_pubsub/src/exo4_publisher.cpp:56:42:\x1b[m\x1b[K \x1b[01;31m\x1b[Kerror: \x1b[m\x1b[Ktemplate argument 1 is invalid\n'}
[2.278326] (cpp_pubsub) StderrLine: {'line': b'   56 |   rclcpp::Publisher<std_msgs::msg::String\x1b[01;31m\x1b[K>\x1b[m\x1b[K::SharedPtr publisher_;\n'}
[2.278380] (cpp_pubsub) StderrLine: {'line': b'      |                                          \x1b[01;31m\x1b[K^\x1b[m\x1b[K\n'}
[2.278434] (cpp_pubsub) StderrLine: {'line': b'\x1b[01m\x1b[K/home/student/Documents/formation_ros2/Introduction/ros2_ws/src/cpp_pubsub/src/exo4_publisher.cpp:56:45:\x1b[m\x1b[K \x1b[01;31m\x1b[Kerror: \x1b[m\x1b[Kexpected \xe2\x80\x98\x1b[01m\x1b[K;\x1b[m\x1b[K\xe2\x80\x99 at end of member declaration\n'}
[2.278488] (cpp_pubsub) StderrLine: {'line': b'   56 |   rclcpp::Publisher<std_msgs::msg::String>::\x1b[01;31m\x1b[KSharedPtr\x1b[m\x1b[K publisher_;\n'}
[2.278541] (cpp_pubsub) StderrLine: {'line': b'      |                                             \x1b[01;31m\x1b[K^~~~~~~~~\x1b[m\x1b[K\n'}
[2.278594] (cpp_pubsub) StderrLine: {'line': b'      |                                                      \x1b[32m\x1b[K;\x1b[m\x1b[K\n'}
[2.280252] (cpp_pubsub) StderrLine: {'line': b'\x1b[01m\x1b[K/home/student/Documents/formation_ros2/Introduction/ros2_ws/src/cpp_pubsub/src/exo4_publisher.cpp:56:55:\x1b[m\x1b[K \x1b[01;31m\x1b[Kerror: \x1b[m\x1b[K\xe2\x80\x98\x1b[01m\x1b[Kpublisher_\x1b[m\x1b[K\xe2\x80\x99 does not name a type; did you mean \xe2\x80\x98\x1b[01m\x1b[Krmw_publisher_t\x1b[m\x1b[K\xe2\x80\x99?\n'}
[2.280352] (cpp_pubsub) StderrLine: {'line': b'   56 |   rclcpp::Publisher<std_msgs::msg::String>::SharedPtr \x1b[01;31m\x1b[Kpublisher_\x1b[m\x1b[K;\n'}
[2.280413] (cpp_pubsub) StderrLine: {'line': b'      |                                                       \x1b[01;31m\x1b[K^~~~~~~~~~\x1b[m\x1b[K\n'}
[2.280470] (cpp_pubsub) StderrLine: {'line': b'      |                                                       \x1b[32m\x1b[Krmw_publisher_t\x1b[m\x1b[K\n'}
[2.287500] (cpp_pubsub) StderrLine: {'line': b'\x1b[01m\x1b[K/home/student/Documents/formation_ros2/Introduction/ros2_ws/src/cpp_pubsub/src/exo4_publisher.cpp:\x1b[m\x1b[K In constructor \xe2\x80\x98\x1b[01m\x1b[KMinimalPublisher::MinimalPublisher()\x1b[m\x1b[K\xe2\x80\x99:\n'}
[2.287662] (cpp_pubsub) StderrLine: {'line': b'\x1b[01m\x1b[K/home/student/Documents/formation_ros2/Introduction/ros2_ws/src/cpp_pubsub/src/exo4_publisher.cpp:35:5:\x1b[m\x1b[K \x1b[01;31m\x1b[Kerror: \x1b[m\x1b[K\xe2\x80\x98\x1b[01m\x1b[Kpublisher_\x1b[m\x1b[K\xe2\x80\x99 was not declared in this scope; did you mean \xe2\x80\x98\x1b[01m\x1b[Krmw_publisher_t\x1b[m\x1b[K\xe2\x80\x99?\n'}
[2.287738] (cpp_pubsub) StderrLine: {'line': b'   35 |     \x1b[01;31m\x1b[Kpublisher_\x1b[m\x1b[K = this->create_publisher<tutorial_interfaces::msg::Msg>("topic", 10);\n'}
[2.287796] (cpp_pubsub) StderrLine: {'line': b'      |     \x1b[01;31m\x1b[K^~~~~~~~~~\x1b[m\x1b[K\n'}
[2.287850] (cpp_pubsub) StderrLine: {'line': b'      |     \x1b[32m\x1b[Krmw_publisher_t\x1b[m\x1b[K\n'}
[2.288157] (cpp_pubsub) StderrLine: {'line': b'\x1b[01m\x1b[K/home/student/Documents/formation_ros2/Introduction/ros2_ws/src/cpp_pubsub/src/exo4_publisher.cpp:35:67:\x1b[m\x1b[K \x1b[01;31m\x1b[Kerror: \x1b[m\x1b[K\xe2\x80\x98\x1b[01m\x1b[KMsg\x1b[m\x1b[K\xe2\x80\x99 is not a member of \xe2\x80\x98\x1b[01m\x1b[Ktutorial_interfaces::msg\x1b[m\x1b[K\xe2\x80\x99\n'}
[2.288403] (cpp_pubsub) StderrLine: {'line': b'   35 |     publisher_ = this->create_publisher<tutorial_interfaces::msg::\x1b[01;31m\x1b[KMsg\x1b[m\x1b[K>("topic", 10);\n'}
[2.288469] (cpp_pubsub) StderrLine: {'line': b'      |                                                                   \x1b[01;31m\x1b[K^~~\x1b[m\x1b[K\n'}
[2.288526] (cpp_pubsub) StderrLine: {'line': b'\x1b[01m\x1b[K/home/student/Documents/formation_ros2/Introduction/ros2_ws/src/cpp_pubsub/src/exo4_publisher.cpp:35:71:\x1b[m\x1b[K \x1b[01;31m\x1b[Kerror: \x1b[m\x1b[Kno matching function for call to \xe2\x80\x98\x1b[01m\x1b[KMinimalPublisher::create_publisher<<expression error> >(const char [6], int)\x1b[m\x1b[K\xe2\x80\x99\n'}
[2.288592] (cpp_pubsub) StderrLine: {'line': b'   35 |     publisher_ = \x1b[01;31m\x1b[Kthis->create_publisher<tutorial_interfaces::msg::Msg>("topic", 10)\x1b[m\x1b[K;\n'}
[2.288647] (cpp_pubsub) StderrLine: {'line': b'      |                  \x1b[01;31m\x1b[K~~~~~~~~~~~~~~~~~~~~~~~~~~~~~~~~~~~~~~~~~~~~~~~~~~~~~^~~~~~~~~~~~~\x1b[m\x1b[K\n'}
[2.288700] (cpp_pubsub) StderrLine: {'line': b'In file included from \x1b[01m\x1b[K/opt/ros/humble/include/rclcpp/rclcpp/executors/single_threaded_executor.hpp:28\x1b[m\x1b[K,\n'}
[2.288753] (cpp_pubsub) StderrLine: {'line': b'                 from \x1b[01m\x1b[K/opt/ros/humble/include/rclcpp/rclcpp/executors.hpp:22\x1b[m\x1b[K,\n'}
[2.288806] (cpp_pubsub) StderrLine: {'line': b'                 from \x1b[01m\x1b[K/opt/ros/humble/include/rclcpp/rclcpp/rclcpp.hpp:155\x1b[m\x1b[K,\n'}
[2.288859] (cpp_pubsub) StderrLine: {'line': b'                 from \x1b[01m\x1b[K/home/student/Documents/formation_ros2/Introduction/ros2_ws/src/cpp_pubsub/src/exo4_publisher.cpp:20\x1b[m\x1b[K:\n'}
[2.288925] (cpp_pubsub) StderrLine: {'line': b'\x1b[01m\x1b[K/opt/ros/humble/include/rclcpp/rclcpp/node.hpp:195:3:\x1b[m\x1b[K \x1b[01;36m\x1b[Knote: \x1b[m\x1b[Kcandidate: \xe2\x80\x98\x1b[01m\x1b[Ktemplate<class MessageT, class AllocatorT, class PublisherT> std::shared_ptr<PublisherT> rclcpp::Node::create_publisher(const string&, const rclcpp::QoS&, const rclcpp::PublisherOptionsWithAllocator<AllocatorT>&)\x1b[m\x1b[K\xe2\x80\x99\n'}
[2.289017] (cpp_pubsub) StderrLine: {'line': b'  195 |   \x1b[01;36m\x1b[Kcreate_publisher\x1b[m\x1b[K(\n'}
[2.289070] (cpp_pubsub) StderrLine: {'line': b'      |   \x1b[01;36m\x1b[K^~~~~~~~~~~~~~~~\x1b[m\x1b[K\n'}
[2.289123] (cpp_pubsub) StderrLine: {'line': b'\x1b[01m\x1b[K/opt/ros/humble/include/rclcpp/rclcpp/node.hpp:195:3:\x1b[m\x1b[K \x1b[01;36m\x1b[Knote: \x1b[m\x1b[K  template argument deduction/substitution failed:\n'}
[2.289182] (cpp_pubsub) StderrLine: {'line': b'\x1b[01m\x1b[K/home/student/Documents/formation_ros2/Introduction/ros2_ws/src/cpp_pubsub/src/exo4_publisher.cpp:35:71:\x1b[m\x1b[K \x1b[01;31m\x1b[Kerror: \x1b[m\x1b[Ktemplate argument 1 is invalid\n'}
[2.289235] (cpp_pubsub) StderrLine: {'line': b'   35 |     publisher_ = \x1b[01;31m\x1b[Kthis->create_publisher<tutorial_interfaces::msg::Msg>("topic", 10)\x1b[m\x1b[K;\n'}
[2.289287] (cpp_pubsub) StderrLine: {'line': b'      |                  \x1b[01;31m\x1b[K~~~~~~~~~~~~~~~~~~~~~~~~~~~~~~~~~~~~~~~~~~~~~~~~~~~~~^~~~~~~~~~~~~\x1b[m\x1b[K\n'}
[2.305751] (cpp_pubsub) StderrLine: {'line': b'\x1b[01m\x1b[K/home/student/Documents/formation_ros2/Introduction/ros2_ws/src/cpp_pubsub/src/exo4_publisher.cpp:\x1b[m\x1b[K In member function \xe2\x80\x98\x1b[01m\x1b[Kvoid MinimalPublisher::timer_callback()\x1b[m\x1b[K\xe2\x80\x99:\n'}
[2.305889] (-) TimerEvent: {}
[2.306021] (cpp_pubsub) StderrLine: {'line': b'\x1b[01m\x1b[K/home/student/Documents/formation_ros2/Introduction/ros2_ws/src/cpp_pubsub/src/exo4_publisher.cpp:53:5:\x1b[m\x1b[K \x1b[01;31m\x1b[Kerror: \x1b[m\x1b[K\xe2\x80\x98\x1b[01m\x1b[Kpublisher_\x1b[m\x1b[K\xe2\x80\x99 was not declared in this scope; did you mean \xe2\x80\x98\x1b[01m\x1b[Krmw_publisher_t\x1b[m\x1b[K\xe2\x80\x99?\n'}
[2.306144] (cpp_pubsub) StderrLine: {'line': b'   53 |     \x1b[01;31m\x1b[Kpublisher_\x1b[m\x1b[K->publish(message);\n'}
[2.306247] (cpp_pubsub) StderrLine: {'line': b'      |     \x1b[01;31m\x1b[K^~~~~~~~~~\x1b[m\x1b[K\n'}
[2.306346] (cpp_pubsub) StderrLine: {'line': b'      |     \x1b[32m\x1b[Krmw_publisher_t\x1b[m\x1b[K\n'}
[2.332539] (cpp_pubsub) StderrLine: {'line': b'\x1b[01m\x1b[K/home/student/Documents/formation_ros2/Introduction/ros2_ws/src/cpp_pubsub/src/exo5_publisher.cpp:56:21:\x1b[m\x1b[K \x1b[01;31m\x1b[Kerror: \x1b[m\x1b[K\xe2\x80\x98\x1b[01m\x1b[Kstd_msgs\x1b[m\x1b[K\xe2\x80\x99 was not declared in this scope\n'}
[2.332692] (cpp_pubsub) StderrLine: {'line': b'   56 |   rclcpp::Publisher<\x1b[01;31m\x1b[Kstd_msgs\x1b[m\x1b[K::msg::String>::SharedPtr publisher_;\n'}
[2.332760] (cpp_pubsub) StderrLine: {'line': b'      |                     \x1b[01;31m\x1b[K^~~~~~~~\x1b[m\x1b[K\n'}
[2.332819] (cpp_pubsub) StderrLine: {'line': b'\x1b[01m\x1b[K/home/student/Documents/formation_ros2/Introduction/ros2_ws/src/cpp_pubsub/src/exo5_publisher.cpp:56:42:\x1b[m\x1b[K \x1b[01;31m\x1b[Kerror: \x1b[m\x1b[Ktemplate argument 1 is invalid\n'}
[2.332876] (cpp_pubsub) StderrLine: {'line': b'   56 |   rclcpp::Publisher<std_msgs::msg::String\x1b[01;31m\x1b[K>\x1b[m\x1b[K::SharedPtr publisher_;\n'}
[2.332947] (cpp_pubsub) StderrLine: {'line': b'      |                                          \x1b[01;31m\x1b[K^\x1b[m\x1b[K\n'}
[2.333010] (cpp_pubsub) StderrLine: {'line': b'\x1b[01m\x1b[K/home/student/Documents/formation_ros2/Introduction/ros2_ws/src/cpp_pubsub/src/exo5_publisher.cpp:56:45:\x1b[m\x1b[K \x1b[01;31m\x1b[Kerror: \x1b[m\x1b[Kexpected \xe2\x80\x98\x1b[01m\x1b[K;\x1b[m\x1b[K\xe2\x80\x99 at end of member declaration\n'}
[2.333092] (cpp_pubsub) StderrLine: {'line': b'   56 |   rclcpp::Publisher<std_msgs::msg::String>::\x1b[01;31m\x1b[KSharedPtr\x1b[m\x1b[K publisher_;\n'}
[2.333152] (cpp_pubsub) StderrLine: {'line': b'      |                                             \x1b[01;31m\x1b[K^~~~~~~~~\x1b[m\x1b[K\n'}
[2.333209] (cpp_pubsub) StderrLine: {'line': b'      |                                                      \x1b[32m\x1b[K;\x1b[m\x1b[K\n'}
[2.334259] (cpp_pubsub) StderrLine: {'line': b'\x1b[01m\x1b[K/home/student/Documents/formation_ros2/Introduction/ros2_ws/src/cpp_pubsub/src/exo5_publisher.cpp:56:55:\x1b[m\x1b[K \x1b[01;31m\x1b[Kerror: \x1b[m\x1b[K\xe2\x80\x98\x1b[01m\x1b[Kpublisher_\x1b[m\x1b[K\xe2\x80\x99 does not name a type; did you mean \xe2\x80\x98\x1b[01m\x1b[Krmw_publisher_t\x1b[m\x1b[K\xe2\x80\x99?\n'}
[2.334479] (cpp_pubsub) StderrLine: {'line': b'   56 |   rclcpp::Publisher<std_msgs::msg::String>::SharedPtr \x1b[01;31m\x1b[Kpublisher_\x1b[m\x1b[K;\n'}
[2.334598] (cpp_pubsub) StderrLine: {'line': b'      |                                                       \x1b[01;31m\x1b[K^~~~~~~~~~\x1b[m\x1b[K\n'}
[2.334692] (cpp_pubsub) StderrLine: {'line': b'      |                                                       \x1b[32m\x1b[Krmw_publisher_t\x1b[m\x1b[K\n'}
[2.340663] (cpp_pubsub) StderrLine: {'line': b'\x1b[01m\x1b[K/home/student/Documents/formation_ros2/Introduction/ros2_ws/src/cpp_pubsub/src/exo5_publisher.cpp:\x1b[m\x1b[K In constructor \xe2\x80\x98\x1b[01m\x1b[KMinimalPublisher::MinimalPublisher()\x1b[m\x1b[K\xe2\x80\x99:\n'}
[2.340870] (cpp_pubsub) StderrLine: {'line': b'\x1b[01m\x1b[K/home/student/Documents/formation_ros2/Introduction/ros2_ws/src/cpp_pubsub/src/exo5_publisher.cpp:35:5:\x1b[m\x1b[K \x1b[01;31m\x1b[Kerror: \x1b[m\x1b[K\xe2\x80\x98\x1b[01m\x1b[Kpublisher_\x1b[m\x1b[K\xe2\x80\x99 was not declared in this scope; did you mean \xe2\x80\x98\x1b[01m\x1b[Krmw_publisher_t\x1b[m\x1b[K\xe2\x80\x99?\n'}
[2.341012] (cpp_pubsub) StderrLine: {'line': b'   35 |     \x1b[01;31m\x1b[Kpublisher_\x1b[m\x1b[K = this->create_publisher<tutorial_interfaces::msg::Msg>("topic", 10);\n'}
[2.341103] (cpp_pubsub) StderrLine: {'line': b'      |     \x1b[01;31m\x1b[K^~~~~~~~~~\x1b[m\x1b[K\n'}
[2.341160] (cpp_pubsub) StderrLine: {'line': b'      |     \x1b[32m\x1b[Krmw_publisher_t\x1b[m\x1b[K\n'}
[2.341405] (cpp_pubsub) StderrLine: {'line': b'\x1b[01m\x1b[K/home/student/Documents/formation_ros2/Introduction/ros2_ws/src/cpp_pubsub/src/exo5_publisher.cpp:35:67:\x1b[m\x1b[K \x1b[01;31m\x1b[Kerror: \x1b[m\x1b[K\xe2\x80\x98\x1b[01m\x1b[KMsg\x1b[m\x1b[K\xe2\x80\x99 is not a member of \xe2\x80\x98\x1b[01m\x1b[Ktutorial_interfaces::msg\x1b[m\x1b[K\xe2\x80\x99\n'}
[2.341564] (cpp_pubsub) StderrLine: {'line': b'   35 |     publisher_ = this->create_publisher<tutorial_interfaces::msg::\x1b[01;31m\x1b[KMsg\x1b[m\x1b[K>("topic", 10);\n'}
[2.341629] (cpp_pubsub) StderrLine: {'line': b'      |                                                                   \x1b[01;31m\x1b[K^~~\x1b[m\x1b[K\n'}
[2.341689] (cpp_pubsub) StderrLine: {'line': b'\x1b[01m\x1b[K/home/student/Documents/formation_ros2/Introduction/ros2_ws/src/cpp_pubsub/src/exo5_publisher.cpp:35:71:\x1b[m\x1b[K \x1b[01;31m\x1b[Kerror: \x1b[m\x1b[Kno matching function for call to \xe2\x80\x98\x1b[01m\x1b[KMinimalPublisher::create_publisher<<expression error> >(const char [6], int)\x1b[m\x1b[K\xe2\x80\x99\n'}
[2.341748] (cpp_pubsub) StderrLine: {'line': b'   35 |     publisher_ = \x1b[01;31m\x1b[Kthis->create_publisher<tutorial_interfaces::msg::Msg>("topic", 10)\x1b[m\x1b[K;\n'}
[2.341810] (cpp_pubsub) StderrLine: {'line': b'      |                  \x1b[01;31m\x1b[K~~~~~~~~~~~~~~~~~~~~~~~~~~~~~~~~~~~~~~~~~~~~~~~~~~~~~^~~~~~~~~~~~~\x1b[m\x1b[K\n'}
[2.341865] (cpp_pubsub) StderrLine: {'line': b'In file included from \x1b[01m\x1b[K/opt/ros/humble/include/rclcpp/rclcpp/executors/single_threaded_executor.hpp:28\x1b[m\x1b[K,\n'}
[2.341927] (cpp_pubsub) StderrLine: {'line': b'                 from \x1b[01m\x1b[K/opt/ros/humble/include/rclcpp/rclcpp/executors.hpp:22\x1b[m\x1b[K,\n'}
[2.341990] (cpp_pubsub) StderrLine: {'line': b'                 from \x1b[01m\x1b[K/opt/ros/humble/include/rclcpp/rclcpp/rclcpp.hpp:155\x1b[m\x1b[K,\n'}
[2.342046] (cpp_pubsub) StderrLine: {'line': b'                 from \x1b[01m\x1b[K/home/student/Documents/formation_ros2/Introduction/ros2_ws/src/cpp_pubsub/src/exo5_publisher.cpp:20\x1b[m\x1b[K:\n'}
[2.342101] (cpp_pubsub) StderrLine: {'line': b'\x1b[01m\x1b[K/opt/ros/humble/include/rclcpp/rclcpp/node.hpp:195:3:\x1b[m\x1b[K \x1b[01;36m\x1b[Knote: \x1b[m\x1b[Kcandidate: \xe2\x80\x98\x1b[01m\x1b[Ktemplate<class MessageT, class AllocatorT, class PublisherT> std::shared_ptr<PublisherT> rclcpp::Node::create_publisher(const string&, const rclcpp::QoS&, const rclcpp::PublisherOptionsWithAllocator<AllocatorT>&)\x1b[m\x1b[K\xe2\x80\x99\n'}
[2.342157] (cpp_pubsub) StderrLine: {'line': b'  195 |   \x1b[01;36m\x1b[Kcreate_publisher\x1b[m\x1b[K(\n'}
[2.342212] (cpp_pubsub) StderrLine: {'line': b'      |   \x1b[01;36m\x1b[K^~~~~~~~~~~~~~~~\x1b[m\x1b[K\n'}
[2.342265] (cpp_pubsub) StderrLine: {'line': b'\x1b[01m\x1b[K/opt/ros/humble/include/rclcpp/rclcpp/node.hpp:195:3:\x1b[m\x1b[K \x1b[01;36m\x1b[Knote: \x1b[m\x1b[K  template argument deduction/substitution failed:\n'}
[2.342320] (cpp_pubsub) StderrLine: {'line': b'\x1b[01m\x1b[K/home/student/Documents/formation_ros2/Introduction/ros2_ws/src/cpp_pubsub/src/exo5_publisher.cpp:35:71:\x1b[m\x1b[K \x1b[01;31m\x1b[Kerror: \x1b[m\x1b[Ktemplate argument 1 is invalid\n'}
[2.342375] (cpp_pubsub) StderrLine: {'line': b'   35 |     publisher_ = \x1b[01;31m\x1b[Kthis->create_publisher<tutorial_interfaces::msg::Msg>("topic", 10)\x1b[m\x1b[K;\n'}
[2.342435] (cpp_pubsub) StderrLine: {'line': b'      |                  \x1b[01;31m\x1b[K~~~~~~~~~~~~~~~~~~~~~~~~~~~~~~~~~~~~~~~~~~~~~~~~~~~~~^~~~~~~~~~~~~\x1b[m\x1b[K\n'}
[2.356533] (cpp_pubsub) StderrLine: {'line': b'\x1b[01m\x1b[K/home/student/Documents/formation_ros2/Introduction/ros2_ws/src/cpp_pubsub/src/exo5_publisher.cpp:\x1b[m\x1b[K In member function \xe2\x80\x98\x1b[01m\x1b[Kvoid MinimalPublisher::timer_callback()\x1b[m\x1b[K\xe2\x80\x99:\n'}
[2.356745] (cpp_pubsub) StderrLine: {'line': b'\x1b[01m\x1b[K/home/student/Documents/formation_ros2/Introduction/ros2_ws/src/cpp_pubsub/src/exo5_publisher.cpp:53:5:\x1b[m\x1b[K \x1b[01;31m\x1b[Kerror: \x1b[m\x1b[K\xe2\x80\x98\x1b[01m\x1b[Kpublisher_\x1b[m\x1b[K\xe2\x80\x99 was not declared in this scope; did you mean \xe2\x80\x98\x1b[01m\x1b[Krmw_publisher_t\x1b[m\x1b[K\xe2\x80\x99?\n'}
[2.356815] (cpp_pubsub) StderrLine: {'line': b'   53 |     \x1b[01;31m\x1b[Kpublisher_\x1b[m\x1b[K->publish(message);\n'}
[2.356887] (cpp_pubsub) StderrLine: {'line': b'      |     \x1b[01;31m\x1b[K^~~~~~~~~~\x1b[m\x1b[K\n'}
[2.356962] (cpp_pubsub) StderrLine: {'line': b'      |     \x1b[32m\x1b[Krmw_publisher_t\x1b[m\x1b[K\n'}
[2.406055] (-) TimerEvent: {}
[2.506383] (-) TimerEvent: {}
[2.606711] (-) TimerEvent: {}
[2.707026] (-) TimerEvent: {}
[2.738189] (cpp_pubsub) StderrLine: {'line': b'gmake[2]: *** [CMakeFiles/exo4_publisher.dir/build.make:76: CMakeFiles/exo4_publisher.dir/src/exo4_publisher.cpp.o] Error 1\n'}
[2.738554] (cpp_pubsub) StderrLine: {'line': b'gmake[1]: *** [CMakeFiles/Makefile2:253: CMakeFiles/exo4_publisher.dir/all] Error 2\n'}
[2.738650] (cpp_pubsub) StderrLine: {'line': b'gmake[1]: *** Waiting for unfinished jobs....\n'}
[2.777473] (cpp_pubsub) StderrLine: {'line': b'gmake[2]: *** [CMakeFiles/exo5_publisher.dir/build.make:76: CMakeFiles/exo5_publisher.dir/src/exo5_publisher.cpp.o] Error 1\n'}
[2.777783] (cpp_pubsub) StderrLine: {'line': b'gmake[1]: *** [CMakeFiles/Makefile2:305: CMakeFiles/exo5_publisher.dir/all] Error 2\n'}
[2.778053] (cpp_pubsub) StderrLine: {'line': b'gmake: *** [Makefile:146: all] Error 2\n'}
[2.780252] (cpp_pubsub) CommandEnded: {'returncode': 2}
[2.791466] (cpp_pubsub) JobEnded: {'identifier': 'cpp_pubsub', 'rc': 2}
[2.792452] (-) EventReactorShutdown: {}
