[ 50%] Built target listener
[35m[1mConsolidate compiler generated dependencies of target talker[0m
[ 75%] [32mBuilding CXX object CMakeFiles/talker.dir/src/publisher_member_function.cpp.o[0m
[01m[K/home/student/Documents/formation_ros2/Introduction/ros2_ws/src/cpp_pubsub/src/publisher_member_function.cpp:[m[K In constructor â€˜[01m[KExo1_publisher::Exo1_publisher()[m[Kâ€™:
[01m[K/home/student/Documents/formation_ros2/Introduction/ros2_ws/src/cpp_pubsub/src/publisher_member_function.cpp:32:29:[m[K [01;31m[Kerror: [m[Kclass â€˜[01m[KExo1_publisher[m[Kâ€™ does not have any field named â€˜[01m[Kcount_[m[Kâ€™
   32 |   : Node("exo1_publisher"), [01;31m[Kcount_[m[K(0)
      |                             [01;31m[K^~~~~~[m[K
gmake[2]: *** [CMakeFiles/talker.dir/build.make:76: CMakeFiles/talker.dir/src/publisher_member_function.cpp.o] Error 1
gmake[1]: *** [CMakeFiles/Makefile2:139: CMakeFiles/talker.dir/all] Error 2
gmake: *** [Makefile:146: all] Error 2
